# JRE version: OpenJDK Runtime Environment (8.0_152-b01) (build 1.8.0_152-release-1343-b01)
# Java VM: OpenJDK 64-Bit Server VM (25.152-b01 mixed mode windows-amd64 compressed oops)
Heap:
 PSYoungGen      total 72704K, used 14016K [0x00000000e0000000, 0x00000000e8480000, 0x0000000100000000)
  eden space 59904K, 2% used [0x00000000e0000000,0x00000000e0135a80,0x00000000e3a80000)
  from space 12800K, 99% used [0x00000000e3a80000,0x00000000e46fa878,0x00000000e4700000)
  to   space 18432K, 0% used [0x00000000e7280000,0x00000000e7280000,0x00000000e8480000)
 ParOldGen       total 100352K, used 29521K [0x00000000a0000000, 0x00000000a6200000, 0x00000000e0000000)
  object space 100352K, 29% used [0x00000000a0000000,0x00000000a1cd4690,0x00000000a6200000)
 Metaspace       used 47338K, capacity 48266K, committed 48600K, reserved 1091584K
  class space    used 5896K, capacity 6144K, committed 6144K, reserved 1048576K
GC Heap History (10 events):
Event: 57.847 GC heap before
{Heap before GC invocations=8 (full 2):
 PSYoungGen      total 38400K, used 26085K [0x00000000e0000000, 0x00000000e3800000, 0x0000000100000000)
  eden space 33280K, 63% used [0x00000000e0000000,0x00000000e147b7c8,0x00000000e2080000)
  from space 5120K, 99% used [0x00000000e2080000,0x00000000e257e008,0x00000000e2580000)
  to   space 5120K, 0% used [0x00000000e3300000,0x00000000e3300000,0x00000000e3800000)
 ParOldGen       total 69120K, used 18877K [0x00000000a0000000, 0x00000000a4380000, 0x00000000e0000000)
  object space 69120K, 27% used [0x00000000a0000000,0x00000000a126f758,0x00000000a4380000)
 Metaspace       used 34494K, capacity 35021K, committed 35416K, reserved 1081344K
  class space    used 4289K, capacity 4453K, committed 4480K, reserved 1048576K
Event: 57.870 GC heap after
Heap after GC invocations=8 (full 2):
 PSYoungGen      total 43520K, used 5118K [0x00000000e0000000, 0x00000000e4d00000, 0x0000000100000000)
  eden space 38400K, 0% used [0x00000000e0000000,0x00000000e0000000,0x00000000e2580000)
  from space 5120K, 99% used [0x00000000e3300000,0x00000000e37ffb28,0x00000000e3800000)
  to   space 13824K, 0% used [0x00000000e2580000,0x00000000e2580000,0x00000000e3300000)
 ParOldGen       total 69120K, used 25125K [0x00000000a0000000, 0x00000000a4380000, 0x00000000e0000000)
  object space 69120K, 36% used [0x00000000a0000000,0x00000000a18895b0,0x00000000a4380000)
 Metaspace       used 34494K, capacity 35021K, committed 35416K, reserved 1081344K
  class space    used 4289K, capacity 4453K, committed 4480K, reserved 1048576K
}
Event: 57.870 GC heap before
{Heap before GC invocations=9 (full 3):
 PSYoungGen      total 43520K, used 5118K [0x00000000e0000000, 0x00000000e4d00000, 0x0000000100000000)
  eden space 38400K, 0% used [0x00000000e0000000,0x00000000e0000000,0x00000000e2580000)
  from space 5120K, 99% used [0x00000000e3300000,0x00000000e37ffb28,0x00000000e3800000)
  to   space 13824K, 0% used [0x00000000e2580000,0x00000000e2580000,0x00000000e3300000)
 ParOldGen       total 69120K, used 25125K [0x00000000a0000000, 0x00000000a4380000, 0x00000000e0000000)
  object space 69120K, 36% used [0x00000000a0000000,0x00000000a18895b0,0x00000000a4380000)
 Metaspace       used 34494K, capacity 35021K, committed 35416K, reserved 1081344K
  class space    used 4289K, capacity 4453K, committed 4480K, reserved 1048576K
Event: 58.102 GC heap after
Heap after GC invocations=9 (full 3):
 PSYoungGen      total 43520K, used 0K [0x00000000e0000000, 0x00000000e4d00000, 0x0000000100000000)
  eden space 38400K, 0% used [0x00000000e0000000,0x00000000e0000000,0x00000000e2580000)
  from space 5120K, 0% used [0x00000000e3300000,0x00000000e3300000,0x00000000e3800000)
  to   space 13824K, 0% used [0x00000000e2580000,0x00000000e2580000,0x00000000e3300000)
 ParOldGen       total 100352K, used 18926K [0x00000000a0000000, 0x00000000a6200000, 0x00000000e0000000)
  object space 100352K, 18% used [0x00000000a0000000,0x00000000a127ba00,0x00000000a6200000)
 Metaspace       used 34494K, capacity 35021K, committed 35416K, reserved 1081344K
  class space    used 4289K, capacity 4453K, committed 4480K, reserved 1048576K
}
Event: 64.570 GC heap before
{Heap before GC invocations=10 (full 3):
 PSYoungGen      total 43520K, used 38400K [0x00000000e0000000, 0x00000000e4d00000, 0x0000000100000000)
  eden space 38400K, 100% used [0x00000000e0000000,0x00000000e2580000,0x00000000e2580000)
  from space 5120K, 0% used [0x00000000e3300000,0x00000000e3300000,0x00000000e3800000)
  to   space 13824K, 0% used [0x00000000e2580000,0x00000000e2580000,0x00000000e3300000)
 ParOldGen       total 100352K, used 18926K [0x00000000a0000000, 0x00000000a6200000, 0x00000000e0000000)
  object space 100352K, 18% used [0x00000000a0000000,0x00000000a127ba00,0x00000000a6200000)
 Metaspace       used 38800K, capacity 39396K, committed 39768K, reserved 1083392K
  class space    used 4795K, capacity 4953K, committed 4992K, reserved 1048576K
Event: 64.605 GC heap after
Heap after GC invocations=10 (full 3):
 PSYoungGen      total 52224K, used 8572K [0x00000000e0000000, 0x00000000e5400000, 0x0000000100000000)
  eden space 38400K, 0% used [0x00000000e0000000,0x00000000e0000000,0x00000000e2580000)
  from space 13824K, 62% used [0x00000000e2580000,0x00000000e2ddf398,0x00000000e3300000)
  to   space 13312K, 0% used [0x00000000e4700000,0x00000000e4700000,0x00000000e5400000)
 ParOldGen       total 100352K, used 18926K [0x00000000a0000000, 0x00000000a6200000, 0x00000000e0000000)
  object space 100352K, 18% used [0x00000000a0000000,0x00000000a127ba00,0x00000000a6200000)
 Metaspace       used 38800K, capacity 39396K, committed 39768K, reserved 1083392K
  class space    used 4795K, capacity 4953K, committed 4992K, reserved 1048576K
}
Event: 67.300 GC heap before
{Heap before GC invocations=11 (full 3):
 PSYoungGen      total 52224K, used 46972K [0x00000000e0000000, 0x00000000e5400000, 0x0000000100000000)
  eden space 38400K, 100% used [0x00000000e0000000,0x00000000e2580000,0x00000000e2580000)
  from space 13824K, 62% used [0x00000000e2580000,0x00000000e2ddf398,0x00000000e3300000)
  to   space 13312K, 0% used [0x00000000e4700000,0x00000000e4700000,0x00000000e5400000)
 ParOldGen       total 100352K, used 18926K [0x00000000a0000000, 0x00000000a6200000, 0x00000000e0000000)
  object space 100352K, 18% used [0x00000000a0000000,0x00000000a127ba00,0x00000000a6200000)
 Metaspace       used 41193K, capacity 41886K, committed 42200K, reserved 1085440K
  class space    used 5075K, capacity 5264K, committed 5376K, reserved 1048576K
Event: 67.382 GC heap after
Heap after GC invocations=11 (full 3):
 PSYoungGen      total 73216K, used 9114K [0x00000000e0000000, 0x00000000e5800000, 0x0000000100000000)
  eden space 59904K, 0% used [0x00000000e0000000,0x00000000e0000000,0x00000000e3a80000)
  from space 13312K, 68% used [0x00000000e4700000,0x00000000e4fe6a48,0x00000000e5400000)
  to   space 12800K, 0% used [0x00000000e3a80000,0x00000000e3a80000,0x00000000e4700000)
 ParOldGen       total 100352K, used 18934K [0x00000000a0000000, 0x00000000a6200000, 0x00000000e0000000)
  object space 100352K, 18% used [0x00000000a0000000,0x00000000a127da00,0x00000000a6200000)
 Metaspace       used 41193K, capacity 41886K, committed 42200K, reserved 1085440K
  class space    used 5075K, capacity 5264K, committed 5376K, reserved 1048576K
}
Event: 72.624 GC heap before
{Heap before GC invocations=12 (full 3):
 PSYoungGen      total 73216K, used 69018K [0x00000000e0000000, 0x00000000e5800000, 0x0000000100000000)
  eden space 59904K, 100% used [0x00000000e0000000,0x00000000e3a80000,0x00000000e3a80000)
  from space 13312K, 68% used [0x00000000e4700000,0x00000000e4fe6a48,0x00000000e5400000)
  to   space 12800K, 0% used [0x00000000e3a80000,0x00000000e3a80000,0x00000000e4700000)
 ParOldGen       total 100352K, used 18934K [0x00000000a0000000, 0x00000000a6200000, 0x00000000e0000000)
  object space 100352K, 18% used [0x00000000a0000000,0x00000000a127da00,0x00000000a6200000)
 Metaspace       used 47299K, capacity 48266K, committed 48600K, reserved 1091584K
  class space    used 5892K, capacity 6144K, committed 6144K, reserved 1048576K
Event: 72.663 GC heap after
Heap after GC invocations=12 (full 3):
 PSYoungGen      total 72704K, used 12778K [0x00000000e0000000, 0x00000000e8480000, 0x0000000100000000)
  eden space 59904K, 0% used [0x00000000e0000000,0x00000000e0000000,0x00000000e3a80000)
  from space 12800K, 99% used [0x00000000e3a80000,0x00000000e46fa878,0x00000000e4700000)
  to   space 18432K, 0% used [0x00000000e7280000,0x00000000e7280000,0x00000000e8480000)
 ParOldGen       total 100352K, used 29521K [0x00000000a0000000, 0x00000000a6200000, 0x00000000e0000000)
  object space 100352K, 29% used [0x00000000a0000000,0x00000000a1cd4690,0x00000000a6200000)
 Metaspace       used 47299K, capacity 48266K, committed 48600K, reserved 1091584K
  class space    used 5892K, capacity 6144K, committed 6144K, reserved 1048576K
}

